<?xml version="1.0" encoding="UTF-8"?>
<testsuite xmlns:xsi="http://www.w3.org/2001/XMLSchema-instance" xsi:noNamespaceSchemaLocation="https://maven.apache.org/surefire/maven-surefire-plugin/xsd/surefire-test-report-3.0.xsd" version="3.0" name="com.example.bookonline.service.Impl.UserServiceImplTest" time="0.421" tests="1" errors="0" skipped="0" failures="0">
  <properties>
    <property name="java.specification.version" value="17"/>
    <property name="sun.cpu.isalist" value="amd64"/>
    <property name="sun.jnu.encoding" value="GBK"/>
    <property name="java.class.path" value="D:\ideaProject\javaweb-learning\book-online\target\test-classes;D:\ideaProject\javaweb-learning\book-online\target\classes;F:\maven\maven_jar\jakarta\platform\jakarta.jakartaee-web-api\9.1.0\jakarta.jakartaee-web-api-9.1.0.jar;F:\maven\maven_jar\org\junit\jupiter\junit-jupiter-api\5.9.1\junit-jupiter-api-5.9.1.jar;F:\maven\maven_jar\org\opentest4j\opentest4j\1.2.0\opentest4j-1.2.0.jar;F:\maven\maven_jar\org\junit\platform\junit-platform-commons\1.9.1\junit-platform-commons-1.9.1.jar;F:\maven\maven_jar\org\apiguardian\apiguardian-api\1.1.2\apiguardian-api-1.1.2.jar;F:\maven\maven_jar\org\junit\jupiter\junit-jupiter-engine\5.9.1\junit-jupiter-engine-5.9.1.jar;F:\maven\maven_jar\org\junit\platform\junit-platform-engine\1.9.1\junit-platform-engine-1.9.1.jar;F:\maven\maven_jar\jakarta\servlet\jakarta.servlet-api\6.0.0\jakarta.servlet-api-6.0.0.jar;F:\maven\maven_jar\com\alibaba\druid\1.2.8\druid-1.2.8.jar;F:\maven\maven_jar\javax\annotation\javax.annotation-api\1.3.2\javax.annotation-api-1.3.2.jar;F:\maven\maven_jar\org\springframework\spring-jdbc\5.3.15\spring-jdbc-5.3.15.jar;F:\maven\maven_jar\org\springframework\spring-beans\5.3.15\spring-beans-5.3.15.jar;F:\maven\maven_jar\org\springframework\spring-core\5.3.15\spring-core-5.3.15.jar;F:\maven\maven_jar\org\springframework\spring-jcl\5.3.15\spring-jcl-5.3.15.jar;F:\maven\maven_jar\org\springframework\spring-tx\5.3.15\spring-tx-5.3.15.jar;F:\maven\maven_jar\mysql\mysql-connector-java\8.0.28\mysql-connector-java-8.0.28.jar;F:\maven\maven_jar\com\google\protobuf\protobuf-java\3.11.4\protobuf-java-3.11.4.jar;F:\maven\maven_jar\org\projectlombok\lombok\1.18.26\lombok-1.18.26.jar;F:\maven\maven_jar\com\aliyun\oss\aliyun-sdk-oss\3.6.0\aliyun-sdk-oss-3.6.0.jar;F:\maven\maven_jar\org\apache\httpcomponents\httpclient\4.4.1\httpclient-4.4.1.jar;F:\maven\maven_jar\org\apache\httpcomponents\httpcore\4.4.1\httpcore-4.4.1.jar;F:\maven\maven_jar\commons-logging\commons-logging\1.2\commons-logging-1.2.jar;F:\maven\maven_jar\commons-codec\commons-codec\1.9\commons-codec-1.9.jar;F:\maven\maven_jar\org\jdom\jdom\1.1\jdom-1.1.jar;F:\maven\maven_jar\org\codehaus\jettison\jettison\1.1\jettison-1.1.jar;F:\maven\maven_jar\stax\stax-api\1.0.1\stax-api-1.0.1.jar;F:\maven\maven_jar\com\aliyun\aliyun-java-sdk-core\3.4.0\aliyun-java-sdk-core-3.4.0.jar;F:\maven\maven_jar\com\aliyun\aliyun-java-sdk-ram\3.0.0\aliyun-java-sdk-ram-3.0.0.jar;F:\maven\maven_jar\com\aliyun\aliyun-java-sdk-sts\3.0.0\aliyun-java-sdk-sts-3.0.0.jar;F:\maven\maven_jar\com\aliyun\aliyun-java-sdk-ecs\4.2.0\aliyun-java-sdk-ecs-4.2.0.jar;F:\maven\maven_jar\joda-time\joda-time\2.10.10\joda-time-2.10.10.jar;F:\maven\maven_jar\org\springframework\spring-web\5.3.25\spring-web-5.3.25.jar;F:\maven\maven_jar\commons-fileupload\commons-fileupload\1.5\commons-fileupload-1.5.jar;F:\maven\maven_jar\commons-io\commons-io\2.8.0\commons-io-2.8.0.jar;F:\maven\maven_jar\org\apache\tomcat\embed\tomcat-embed-core\9.0.75\tomcat-embed-core-9.0.75.jar;F:\maven\maven_jar\org\apache\tomcat\tomcat-annotations-api\9.0.75\tomcat-annotations-api-9.0.75.jar;"/>
    <property name="java.vm.vendor" value="Oracle Corporation"/>
    <property name="sun.arch.data.model" value="64"/>
    <property name="user.variant" value=""/>
    <property name="java.vendor.url" value="https://java.oracle.com/"/>
    <property name="user.timezone" value="Asia/Hong_Kong"/>
    <property name="user.country.format" value="HK"/>
    <property name="os.name" value="Windows 10"/>
    <property name="java.vm.specification.version" value="17"/>
    <property name="sun.java.launcher" value="SUN_STANDARD"/>
    <property name="user.country" value="CN"/>
    <property name="sun.boot.library.path" value="F:\javawebjdk\bin"/>
    <property name="sun.java.command" value="C:\Users\17509\AppData\Local\Temp\surefire5573174693734807853\surefirebooter-20241022153820874_3.jar C:\Users\17509\AppData\Local\Temp\surefire5573174693734807853 2024-10-22T15-38-20_583-jvmRun1 surefire-20241022153820874_1tmp surefire_0-20241022153820874_2tmp"/>
    <property name="jdk.debug" value="release"/>
    <property name="surefire.test.class.path" value="D:\ideaProject\javaweb-learning\book-online\target\test-classes;D:\ideaProject\javaweb-learning\book-online\target\classes;F:\maven\maven_jar\jakarta\platform\jakarta.jakartaee-web-api\9.1.0\jakarta.jakartaee-web-api-9.1.0.jar;F:\maven\maven_jar\org\junit\jupiter\junit-jupiter-api\5.9.1\junit-jupiter-api-5.9.1.jar;F:\maven\maven_jar\org\opentest4j\opentest4j\1.2.0\opentest4j-1.2.0.jar;F:\maven\maven_jar\org\junit\platform\junit-platform-commons\1.9.1\junit-platform-commons-1.9.1.jar;F:\maven\maven_jar\org\apiguardian\apiguardian-api\1.1.2\apiguardian-api-1.1.2.jar;F:\maven\maven_jar\org\junit\jupiter\junit-jupiter-engine\5.9.1\junit-jupiter-engine-5.9.1.jar;F:\maven\maven_jar\org\junit\platform\junit-platform-engine\1.9.1\junit-platform-engine-1.9.1.jar;F:\maven\maven_jar\jakarta\servlet\jakarta.servlet-api\6.0.0\jakarta.servlet-api-6.0.0.jar;F:\maven\maven_jar\com\alibaba\druid\1.2.8\druid-1.2.8.jar;F:\maven\maven_jar\javax\annotation\javax.annotation-api\1.3.2\javax.annotation-api-1.3.2.jar;F:\maven\maven_jar\org\springframework\spring-jdbc\5.3.15\spring-jdbc-5.3.15.jar;F:\maven\maven_jar\org\springframework\spring-beans\5.3.15\spring-beans-5.3.15.jar;F:\maven\maven_jar\org\springframework\spring-core\5.3.15\spring-core-5.3.15.jar;F:\maven\maven_jar\org\springframework\spring-jcl\5.3.15\spring-jcl-5.3.15.jar;F:\maven\maven_jar\org\springframework\spring-tx\5.3.15\spring-tx-5.3.15.jar;F:\maven\maven_jar\mysql\mysql-connector-java\8.0.28\mysql-connector-java-8.0.28.jar;F:\maven\maven_jar\com\google\protobuf\protobuf-java\3.11.4\protobuf-java-3.11.4.jar;F:\maven\maven_jar\org\projectlombok\lombok\1.18.26\lombok-1.18.26.jar;F:\maven\maven_jar\com\aliyun\oss\aliyun-sdk-oss\3.6.0\aliyun-sdk-oss-3.6.0.jar;F:\maven\maven_jar\org\apache\httpcomponents\httpclient\4.4.1\httpclient-4.4.1.jar;F:\maven\maven_jar\org\apache\httpcomponents\httpcore\4.4.1\httpcore-4.4.1.jar;F:\maven\maven_jar\commons-logging\commons-logging\1.2\commons-logging-1.2.jar;F:\maven\maven_jar\commons-codec\commons-codec\1.9\commons-codec-1.9.jar;F:\maven\maven_jar\org\jdom\jdom\1.1\jdom-1.1.jar;F:\maven\maven_jar\org\codehaus\jettison\jettison\1.1\jettison-1.1.jar;F:\maven\maven_jar\stax\stax-api\1.0.1\stax-api-1.0.1.jar;F:\maven\maven_jar\com\aliyun\aliyun-java-sdk-core\3.4.0\aliyun-java-sdk-core-3.4.0.jar;F:\maven\maven_jar\com\aliyun\aliyun-java-sdk-ram\3.0.0\aliyun-java-sdk-ram-3.0.0.jar;F:\maven\maven_jar\com\aliyun\aliyun-java-sdk-sts\3.0.0\aliyun-java-sdk-sts-3.0.0.jar;F:\maven\maven_jar\com\aliyun\aliyun-java-sdk-ecs\4.2.0\aliyun-java-sdk-ecs-4.2.0.jar;F:\maven\maven_jar\joda-time\joda-time\2.10.10\joda-time-2.10.10.jar;F:\maven\maven_jar\org\springframework\spring-web\5.3.25\spring-web-5.3.25.jar;F:\maven\maven_jar\commons-fileupload\commons-fileupload\1.5\commons-fileupload-1.5.jar;F:\maven\maven_jar\commons-io\commons-io\2.8.0\commons-io-2.8.0.jar;F:\maven\maven_jar\org\apache\tomcat\embed\tomcat-embed-core\9.0.75\tomcat-embed-core-9.0.75.jar;F:\maven\maven_jar\org\apache\tomcat\tomcat-annotations-api\9.0.75\tomcat-annotations-api-9.0.75.jar;"/>
    <property name="sun.cpu.endian" value="little"/>
    <property name="user.home" value="C:\Users\17509"/>
    <property name="user.language" value="zh"/>
    <property name="java.specification.vendor" value="Oracle Corporation"/>
    <property name="java.version.date" value="2024-07-16"/>
    <property name="java.home" value="F:\javawebjdk"/>
    <property name="file.separator" value="\"/>
    <property name="basedir" value="D:\ideaProject\javaweb-learning\book-online"/>
    <property name="java.vm.compressedOopsMode" value="Zero based"/>
    <property name="line.separator" value="&#10;"/>
    <property name="java.vm.specification.vendor" value="Oracle Corporation"/>
    <property name="java.specification.name" value="Java Platform API Specification"/>
    <property name="surefire.real.class.path" value="C:\Users\17509\AppData\Local\Temp\surefire5573174693734807853\surefirebooter-20241022153820874_3.jar"/>
    <property name="user.script" value=""/>
    <property name="user.script.format" value="Hans"/>
    <property name="sun.management.compiler" value="HotSpot 64-Bit Tiered Compilers"/>
    <property name="java.runtime.version" value="17.0.12+8-LTS-286"/>
    <property name="user.name" value="17509"/>
    <property name="path.separator" value=";"/>
    <property name="os.version" value="10.0"/>
    <property name="java.runtime.name" value="Java(TM) SE Runtime Environment"/>
    <property name="file.encoding" value="GBK"/>
    <property name="java.vm.name" value="Java HotSpot(TM) 64-Bit Server VM"/>
    <property name="localRepository" value="F:\maven\maven_jar"/>
    <property name="java.vendor.url.bug" value="https://bugreport.java.com/bugreport/"/>
    <property name="java.io.tmpdir" value="C:\Users\17509\AppData\Local\Temp\"/>
    <property name="idea.version" value="2023.2.7"/>
    <property name="java.version" value="17.0.12"/>
    <property name="user.dir" value="D:\ideaProject\javaweb-learning\book-online"/>
    <property name="os.arch" value="amd64"/>
    <property name="java.vm.specification.name" value="Java Virtual Machine Specification"/>
    <property name="sun.os.patch.level" value=""/>
    <property name="native.encoding" value="GBK"/>
    <property name="java.library.path" value="F:\javawebjdk\bin;C:\WINDOWS\Sun\Java\bin;C:\WINDOWS\system32;C:\WINDOWS;C:\Program Files\Common Files\Oracle\Java\javapath;C:\Program Files\VanDyke Software\Clients\;D:\VMware work\bin\;F:\javawebjdk\bin;F:\MySql\mysql-8.1.0-winx64\bin;C:\Windows\system32;C:\Windows;C:\Windows\System32\Wbem;C:\Windows\System32\WindowsPowerShell\v1.0\;C:\Windows\System32\OpenSSH\;C:\Program Files\dotnet\;C:\Program Files (x86)\NVIDIA Corporation\PhysX\Common;C:\WINDOWS\system32;C:\WINDOWS;C:\WINDOWS\System32\Wbem;C:\WINDOWS\System32\WindowsPowerShell\v1.0\;C:\WINDOWS\System32\OpenSSH\;F:\MySql\mysql-8.1.0-winx64;D:\Microsoft VS Code\bin;F:\javawebjdk\bin;F:\maven\apache-maven-3.9.9\bin;F:\tomcat\apache-tomcat-10.1.28\bin;D:\nodejs\;C:\Program Files\Git\cmd;C:\Program Files\NVIDIA Corporation\NVIDIA NvDLISR;C:\Users\17509\AppData\Local\Microsoft\WindowsApps;C:\Users\17509\.dotnet\tools;C:\Program Files (x86)\Tencent\QQGameTempest\Hall.57734\;C:\Users\17509\AppData\Roaming\npm;."/>
    <property name="java.vm.info" value="mixed mode, sharing"/>
    <property name="java.vendor" value="Oracle Corporation"/>
    <property name="java.vm.version" value="17.0.12+8-LTS-286"/>
    <property name="sun.io.unicode.encoding" value="UnicodeLittle"/>
    <property name="java.class.version" value="61.0"/>
  </properties>
  <testcase name="signIn" classname="com.example.bookonline.service.Impl.UserServiceImplTest" time="0.418">
    <system-err><![CDATA[Loading class `com.mysql.jdbc.Driver'. This is deprecated. The new driver class is `com.mysql.cj.jdbc.Driver'. The driver is automatically registered via the SPI and manual loading of the driver class is generally unnecessary.
10月 22, 2024 3:38:22 下午 com.alibaba.druid.support.logging.JakartaCommonsLoggingImpl info
信息: {dataSource-1} inited
]]></system-err>
  </testcase>
</testsuite>